<?xml version="1.0" encoding="UTF-8"?>
<!-- Generated by org.testng.reporters.JUnitReportReporter -->
<testsuite hostname="DESKTOP-N6BIESD" failures="0" tests="4" name="com.numeracle.tests.NumberCheckTest" time="50.505" errors="0" timestamp="2023-06-23T16:07:06 IST" skipped="0">
  <testcase classname="com.numeracle.tests.NumberCheckTest" name="testLogin" time="18.486"/>
  <system-out/>
  <testcase classname="com.numeracle.tests.NumberCheckTest" name="testLogin" time="27.621"/>
  <system-out/>
  <testcase classname="com.numeracle.tests.NumberCheckTest" name="testhome" time="2.521"/>
  <system-out/>
  <testcase classname="com.numeracle.tests.NumberCheckTest" name="testhome" time="1.877"/>
  <system-out/>
</testsuite> <!-- com.numeracle.tests.NumberCheckTest -->
